<?xml version="1.0" encoding="UTF-8"?>
<testsuites name="TS_HRMLogin" time="25.648" tests="1" failures="0" errors="0">
   <testsuite name="TS_HRMLogin" tests="1" failures="0" errors="0" time="25.648" skipped="0" timestamp="19-05-2024T12:50:00" hostname="Admin - DESKTOP-UO3FEV0" id="Test Suites/TS_HRMLogin">
      <properties>
         <property name="deviceName" value=""/>
         <property name="devicePlatform" value=""/>
         <property name="logFolder" value="C:\\Users\\Admin\\git\\katalon1\\Reports\\20240519_124956\\TS_HRMLogin\\20240519_124957"/>
         <property name="logFiles" value="C:\\Users\\Admin\\git\\katalon1\\Reports\\20240519_124956\\TS_HRMLogin\\20240519_124957\\execution0.log"/>
         <property name="attachments" value=""/>
         <property name="hostName" value="Admin - DESKTOP-UO3FEV0"/>
         <property name="os" value="Windows 11 64bit"/>
         <property name="katalonVersion" value="9.4.0.212"/>
         <property name="browser" value="Chrome 124.0.0.0"/>
         <property name="hostAddress" value="192.168.0.158"/>
         <property name="sessionId" value="c272e526c00283a42232fdd45b6b34f6"/>
         <property name="seleniumVersion" value="3.141.59"/>
         <property name="proxyInformation" value="ProxyInformation { proxyOption=NO_PROXY, proxyServerType=HTTP, username=, password=********, proxyServerAddress=, proxyServerPort=0, executionList=&quot;&quot;, isApplyToDesiredCapabilities=true }"/>
         <property name="platform" value="Windows 11"/>
      </properties>
      <testcase name="Test Cases/HRM" time="25.495" classname="Test Cases/HRM" status="PASSED">
         <system-out><![CDATA[19-05-2024T12:50:00 - [TEST_CASE][PASSED] - Test Cases/HRM: Test Cases/HRM

19-05-2024T12:50:01 - [TEST_STEP][PASSED] - openBrowser(""): Browser is opened with url: ''

19-05-2024T12:50:01 - [MESSAGE][INFO] - Starting 'Chrome' driver

19-05-2024T12:50:01 - [MESSAGE][INFO] - Action delay is set to 0 milliseconds

19-05-2024T12:50:02 - [MESSAGE][PASSED] - Browser is opened with url: ''

19-05-2024T12:50:02 - [TEST_STEP][PASSED] - navigateToUrl("https://opensource-demo.orangehrmlive.com/web/index.php/auth/login"): Navigate to 'https://opensource-demo.orangehrmlive.com/web/index.php/auth/login' successfully

19-05-2024T12:50:22 - [MESSAGE][PASSED] - Navigate to 'https://opensource-demo.orangehrmlive.com/web/index.php/auth/login' successfully

19-05-2024T12:50:22 - [TEST_STEP][PASSED] - doubleClick(findTestObject("Object Repository/OrangeHRM/Page_OrangeHRM/p_Username  Admin")): Object: 'Object Repository/OrangeHRM/Page_OrangeHRM/p_Username  Admin' is double clicked on

19-05-2024T12:50:24 - [MESSAGE][PASSED] - Object: 'Object Repository/OrangeHRM/Page_OrangeHRM/p_Username  Admin' is double clicked on

19-05-2024T12:50:24 - [TEST_STEP][PASSED] - setText(findTestObject("Object Repository/OrangeHRM/Page_OrangeHRM/input_Username_username"), "Admin"): Text 'Admin' is set on object 'Object Repository/OrangeHRM/Page_OrangeHRM/input_Username_username'

19-05-2024T12:50:25 - [MESSAGE][PASSED] - Text 'Admin' is set on object 'Object Repository/OrangeHRM/Page_OrangeHRM/input_Username_username'

19-05-2024T12:50:25 - [TEST_STEP][PASSED] - doubleClick(findTestObject("Object Repository/OrangeHRM/Page_OrangeHRM/p_Password  admin123")): Object: 'Object Repository/OrangeHRM/Page_OrangeHRM/p_Password  admin123' is double clicked on

19-05-2024T12:50:25 - [MESSAGE][PASSED] - Object: 'Object Repository/OrangeHRM/Page_OrangeHRM/p_Password  admin123' is double clicked on

19-05-2024T12:50:25 - [TEST_STEP][PASSED] - setEncryptedText(findTestObject("Object Repository/OrangeHRM/Page_OrangeHRM/input_Password_password"), "hUKwJTbofgPU9eVlw/CnDQ=="): Text ****** has been set on object 'Object Repository/OrangeHRM/Page_OrangeHRM/input_Password_password'

19-05-2024T12:50:25 - [MESSAGE][PASSED] - Text ****** has been set on object 'Object Repository/OrangeHRM/Page_OrangeHRM/input_Password_password'

19-05-2024T12:50:25 - [TEST_STEP][PASSED] - click(findTestObject("Object Repository/OrangeHRM/Page_OrangeHRM/button_Login")): Object: 'Object Repository/OrangeHRM/Page_OrangeHRM/button_Login' is clicked on

19-05-2024T12:50:26 - [MESSAGE][PASSED] - Object: 'Object Repository/OrangeHRM/Page_OrangeHRM/button_Login' is clicked on

19-05-2024T12:50:26 - [TEST_STEP][PASSED] - closeBrowser(): Browser is closed

19-05-2024T12:50:26 - [MESSAGE][PASSED] - Browser is closed]]></system-out>
         <system-err><![CDATA[]]></system-err>
      </testcase>
      <system-out><![CDATA[19-05-2024T12:50:00 - [TEST_SUITE][PASSED] - TS_HRMLogin: Test Cases/HRM]]></system-out>
      <system-err><![CDATA[]]></system-err>
   </testsuite>
</testsuites>
